2025-05-30 09:56:36,046 - app.crypto.rsa_utils - INFO - Generated RSA key pair with size 2048
2025-05-30 09:56:36,046 - app - INFO - Certificate Authority keys generated
2025-05-30 09:56:36,070 - app - INFO - Client connected
2025-05-30 09:56:36,085 - app - INFO - Client connected
2025-05-30 09:56:39,215 - app - INFO - Client connected
2025-05-30 09:56:39,232 - app - INFO - Client connected
2025-05-30 09:56:41,845 - app - INFO - Registering user: kai
2025-05-30 09:56:42,011 - app.crypto.rsa_utils - INFO - Generated RSA key pair with size 2048
2025-05-30 09:56:42,026 - app.crypto.rsa_utils - INFO - Message signed successfully
2025-05-30 09:56:42,026 - app.crypto.rsa_utils - INFO - Certificate generated for user kai
2025-05-30 09:56:42,027 - app - INFO - Certificate generated for user: kai
2025-05-30 09:56:42,027 - app.backend.message_handler - INFO - Added user: kai
2025-05-30 09:56:44,238 - app - INFO - Registering user: mai
2025-05-30 09:56:44,461 - app.crypto.rsa_utils - INFO - Generated RSA key pair with size 2048
2025-05-30 09:56:44,464 - app.crypto.rsa_utils - INFO - Message signed successfully
2025-05-30 09:56:44,464 - app.crypto.rsa_utils - INFO - Certificate generated for user mai
2025-05-30 09:56:44,464 - app - INFO - Certificate generated for user: mai
2025-05-30 09:56:44,464 - app.backend.message_handler - INFO - Added user: mai
2025-05-30 09:56:45,688 - app - INFO - Retrieving conversation history between kai and mai
2025-05-30 09:56:45,689 - app - INFO - Sent 0 messages for conversation between kai and mai
2025-05-30 09:56:45,690 - app - INFO - Retrieving conversation history between kai and mai
2025-05-30 09:56:45,690 - app - INFO - Sent 0 messages for conversation between kai and mai
2025-05-30 09:56:46,251 - app - INFO - Retrieving conversation history between mai and kai
2025-05-30 09:56:46,252 - app - INFO - Sent 0 messages for conversation between mai and kai
2025-05-30 09:56:46,253 - app - INFO - Retrieving conversation history between mai and kai
2025-05-30 09:56:46,253 - app - INFO - Sent 0 messages for conversation between mai and kai
2025-05-30 09:56:52,168 - app - INFO - Message from mai to kai: [ENCRYPTED]
2025-05-30 09:56:52,173 - app.crypto.rsa_utils - INFO - Message signed successfully
2025-05-30 09:56:52,174 - app.crypto.rsa_utils - INFO - Message encrypted successfully
2025-05-30 09:56:52,175 - app - INFO - Sent original message confirmation to sender mai
2025-05-30 09:56:52,175 - app.backend.message_handler - INFO - Logged message from mai to kai
2025-05-30 09:56:52,175 - app - INFO - Delivered message directly to recipient kai (no attacker active)
2025-05-30 09:56:54,422 - app - INFO - Message from kai to mai: [ENCRYPTED]
2025-05-30 09:56:54,429 - app.crypto.rsa_utils - INFO - Message signed successfully
2025-05-30 09:56:54,431 - app.crypto.rsa_utils - INFO - Message encrypted successfully
2025-05-30 09:56:54,431 - app - INFO - Sent original message confirmation to sender kai
2025-05-30 09:56:54,431 - app.backend.message_handler - INFO - Logged message from kai to mai
2025-05-30 09:56:54,432 - app - INFO - Delivered message directly to recipient mai (no attacker active)
2025-05-30 09:57:01,397 - app - INFO - Message from kai to mai: how are you
2025-05-30 09:57:01,398 - app - INFO - Sent original message confirmation to sender kai
2025-05-30 09:57:01,398 - app.backend.message_handler - INFO - Logged message from kai to mai
2025-05-30 09:57:01,398 - app - INFO - Delivered message directly to recipient mai (no attacker active)
2025-05-30 09:57:15,026 - app - INFO - Client connected
2025-05-30 09:57:15,029 - app.backend.message_handler - INFO - Tampering mode set to: True
2025-05-30 09:57:15,030 - app - INFO - Tampering mode set to: True
